<?xml version="1.0" encoding="UTF-8"?>
<!-- Generated by org.testng.reporters.JUnitReportReporter -->
<testsuite skipped="0" hostname="AI849722" name="runners.TestRunner" tests="1" failures="0" timestamp="14 Feb 2019 00:39:35 GMT" time="56.072" errors="0">
  <testcase name="feature" time="56.072" classname="runners.TestRunner"/>
</testsuite> <!-- runners.TestRunner -->
